<?xml version="1.0" encoding="UTF-8"?>
<!-- Generated by org.testng.reporters.JUnitReportReporter -->
<testsuite hostname="Hassan-Ka" failures="0" tests="3" name="assignment_11_6th.Rediff_signin_signout_automation" time="25.102" errors="0" timestamp="2022-11-11T18:44:33 EST" skipped="0">
  <testcase classname="assignment_11_6th.Rediff_signin_signout_automation" name="LaunchingHomePage" time="5.465"/>
  <system-out/>
  <testcase classname="assignment_11_6th.Rediff_signin_signout_automation" name="FillingSigninForm" time="16.532"/>
  <system-out/>
  <testcase classname="assignment_11_6th.Rediff_signin_signout_automation" name="Logout" time="3.105"/>
  <system-out/>
</testsuite> <!-- assignment_11_6th.Rediff_signin_signout_automation -->
