<?xml version="1.0" encoding="UTF-8"?>
<!-- Generated by org.testng.reporters.JUnitReportReporter -->
<testsuite hostname="Hassan-Ka" failures="0" tests="5" name="Assignment_10_30.Apple_testNG" time="9.371" errors="0" timestamp="2022-11-02T19:08:08 EDT" skipped="0">
  <testcase classname="Assignment_10_30.Apple_testNG" name="checkStoreButton" time="4.295"/>
  <system-out/>
  <testcase classname="Assignment_10_30.Apple_testNG" name="checkIphoneLink" time="1.115"/>
  <system-out/>
  <testcase classname="Assignment_10_30.Apple_testNG" name="checkMacLink" time="0.907"/>
  <system-out/>
  <testcase classname="Assignment_10_30.Apple_testNG" name="launchingAppleHomePage" time="0.364"/>
  <system-out/>
  <testcase classname="Assignment_10_30.Apple_testNG" name="checIpadLink" time="2.690"/>
  <system-out/>
</testsuite> <!-- Assignment_10_30.Apple_testNG -->
