<?xml version="1.0" encoding="UTF-8"?>
<!-- Generated by org.testng.reporters.JUnitReportReporter -->
<testsuite hostname="Hassan-Ka" failures="0" tests="5" name="Assignment_10_30.Shopify_testNG" time="16.028" errors="0" timestamp="2022-11-02T11:14:03 EDT" skipped="0">
  <testcase classname="Assignment_10_30.Shopify_testNG" name="checkPricingLink" time="3.605"/>
  <system-out/>
  <testcase classname="Assignment_10_30.Shopify_testNG" name="checkLearnLink" time="3.110"/>
  <system-out/>
  <testcase classname="Assignment_10_30.Shopify_testNG" name="launchingShopifyHomePage" time="2.083"/>
  <system-out/>
  <testcase classname="Assignment_10_30.Shopify_testNG" name="checkStartFreeTrialButton" time="4.502"/>
  <system-out/>
  <testcase classname="Assignment_10_30.Shopify_testNG" name="checkSellLink" time="2.728"/>
  <system-out/>
</testsuite> <!-- Assignment_10_30.Shopify_testNG -->
