<?xml version="1.0" encoding="UTF-8"?>
<!-- Generated by org.testng.reporters.JUnitReportReporter -->
<testsuite hostname="Hassan-Ka" failures="0" tests="4" name="assignment_11_6th.AutomationPractice_Signup_usingassertAndwait" time="8.139" errors="0" timestamp="2022-11-12T12:19:57 EST" skipped="0">
  <testcase classname="assignment_11_6th.AutomationPractice_Signup_usingassertAndwait" name="launchinghomepage" time="5.234"/>
  <system-out/>
  <testcase classname="assignment_11_6th.AutomationPractice_Signup_usingassertAndwait" name="clicksignin" time="0.707"/>
  <system-out/>
  <testcase classname="assignment_11_6th.AutomationPractice_Signup_usingassertAndwait" name="signup" time="0.188"/>
  <system-out/>
  <testcase classname="assignment_11_6th.AutomationPractice_Signup_usingassertAndwait" name="signupform" time="2.010"/>
  <system-out/>
</testsuite> <!-- assignment_11_6th.AutomationPractice_Signup_usingassertAndwait -->
