<?xml version="1.0" encoding="UTF-8"?>
<!-- Generated by org.testng.reporters.JUnitReportReporter -->
<testsuite hostname="Hassan-Ka" failures="0" tests="5" name="Assignment_10_30.Rediff_testNG" time="37.331" errors="0" timestamp="2022-11-02T10:20:06 EDT" skipped="0">
  <testcase classname="Assignment_10_30.Rediff_testNG" name="checkBusinessEmailLink" time="14.446"/>
  <system-out/>
  <testcase classname="Assignment_10_30.Rediff_testNG" name="checkMoneyLink" time="7.303"/>
  <system-out/>
  <testcase classname="Assignment_10_30.Rediff_testNG" name="checkRediffMailLink" time="8.367"/>
  <system-out/>
  <testcase classname="Assignment_10_30.Rediff_testNG" name="checkVideosLink" time="5.817"/>
  <system-out/>
  <testcase classname="Assignment_10_30.Rediff_testNG" name="launchingRediffHomePage" time="1.398"/>
  <system-out/>
</testsuite> <!-- Assignment_10_30.Rediff_testNG -->
