<?xml version="1.0" encoding="UTF-8"?>
<!-- Generated by org.testng.reporters.JUnitReportReporter -->
<testsuite hostname="Hassan-Ka" failures="0" tests="5" name="Assignment_10_30.Walmart_tesNG" time="15.891" errors="0" timestamp="2022-11-02T09:55:53 EDT" skipped="0">
  <testcase classname="Assignment_10_30.Walmart_tesNG" name="checkMotorsLink" time="2.950"/>
  <system-out/>
  <testcase classname="Assignment_10_30.Walmart_tesNG" name="checkCollectibleAndArtsLink" time="3.989"/>
  <system-out/>
  <testcase classname="Assignment_10_30.Walmart_tesNG" name="checkElectronicsLink" time="3.821"/>
  <system-out/>
  <testcase classname="Assignment_10_30.Walmart_tesNG" name="checkSearchButton" time="4.121"/>
  <system-out/>
  <testcase classname="Assignment_10_30.Walmart_tesNG" name="launchingWalmartHomePage" time="1.010"/>
  <system-out/>
</testsuite> <!-- Assignment_10_30.Walmart_tesNG -->
