<?xml version="1.0" encoding="UTF-8"?>
<!-- Generated by org.testng.reporters.JUnitReportReporter -->
<testsuite hostname="Hassan-Ka" failures="0" tests="5" name="Assignment_10_30.Bestbuy_testNG" time="30.959" errors="0" timestamp="2022-11-02T18:47:29 EDT" skipped="0">
  <testcase classname="Assignment_10_30.Bestbuy_testNG" name="checkDealOfTheDayLink" time="8.150"/>
  <system-out/>
  <testcase classname="Assignment_10_30.Bestbuy_testNG" name="checkTopDealsLink" time="7.729"/>
  <system-out/>
  <testcase classname="Assignment_10_30.Bestbuy_testNG" name="checkCreditCardsLink" time="7.722"/>
  <system-out/>
  <testcase classname="Assignment_10_30.Bestbuy_testNG" name="launchingBestBuyHomePage" time="2.289"/>
  <system-out/>
  <testcase classname="Assignment_10_30.Bestbuy_testNG" name="checkTotaltechMembershipLink" time="5.069"/>
  <system-out/>
</testsuite> <!-- Assignment_10_30.Bestbuy_testNG -->
