<?xml version="1.0" encoding="UTF-8"?>
<!-- Generated by org.testng.reporters.JUnitReportReporter -->
<testsuite hostname="Hassan-Ka" failures="0" tests="5" name="Assignment_10_30.Google_testNG" time="12.739" errors="0" timestamp="2022-11-01T22:21:54 EDT" skipped="0">
  <testcase classname="Assignment_10_30.Google_testNG" name="CheckcustomerService" time="2.145"/>
  <system-out/>
  <testcase classname="Assignment_10_30.Google_testNG" name="CheckSignUpButton" time="4.440"/>
  <system-out/>
  <testcase classname="Assignment_10_30.Google_testNG" name="checkAmazonHomePage" time="1.263"/>
  <system-out/>
  <testcase classname="Assignment_10_30.Google_testNG" name="CheckbestSellersButton" time="2.535"/>
  <system-out/>
  <testcase classname="Assignment_10_30.Google_testNG" name="CheckamazonBasicsButton" time="2.356"/>
  <system-out/>
</testsuite> <!-- Assignment_10_30.Google_testNG -->
