<?xml version="1.0" encoding="UTF-8"?>
<!-- Generated by org.testng.reporters.JUnitReportReporter -->
<testsuite hostname="Hassan-Ka" failures="0" tests="5" name="Assignment_10_30.W3schools_testNG" time="1.895" errors="0" timestamp="2022-11-02T21:59:20 EDT" skipped="0">
  <testcase classname="Assignment_10_30.W3schools_testNG" name="checkReferencesLink" time="0.197"/>
  <system-out/>
  <testcase classname="Assignment_10_30.W3schools_testNG" name="checkVideosLink" time="0.160"/>
  <system-out/>
  <testcase classname="Assignment_10_30.W3schools_testNG" name="launchingHomePage" time="0.123"/>
  <system-out/>
  <testcase classname="Assignment_10_30.W3schools_testNG" name="checkTutorialsButton" time="0.162"/>
  <system-out/>
  <testcase classname="Assignment_10_30.W3schools_testNG" name="checkExercisesLink" time="1.253"/>
  <system-out/>
</testsuite> <!-- Assignment_10_30.W3schools_testNG -->
