<?xml version="1.0" encoding="UTF-8"?>
<!-- Generated by org.testng.reporters.JUnitReportReporter -->
<testsuite hostname="Hassan-Ka" failures="0" tests="5" name="Assignment_10_30.HomeDepot_testNG" time="11.735" errors="0" timestamp="2022-11-02T20:40:27 EDT" skipped="0">
  <testcase classname="Assignment_10_30.HomeDepot_testNG" name="checkGiftCardsLink" time="1.069"/>
  <system-out/>
  <testcase classname="Assignment_10_30.HomeDepot_testNG" name="checkForTheProLink" time="4.698"/>
  <system-out/>
  <testcase classname="Assignment_10_30.HomeDepot_testNG" name="launchingEbayHomePage" time="0.611"/>
  <system-out/>
  <testcase classname="Assignment_10_30.HomeDepot_testNG" name="checkTruckAndToolLink" time="3.847"/>
  <system-out/>
  <testcase classname="Assignment_10_30.HomeDepot_testNG" name="checkStoreFinderLink" time="1.510"/>
  <system-out/>
</testsuite> <!-- Assignment_10_30.HomeDepot_testNG -->
