<?xml version="1.0" encoding="UTF-8"?>
<!-- Generated by org.testng.reporters.JUnitReportReporter -->
<testsuite hostname="Hassan-Ka" failures="0" tests="5" name="Assignment_10_30.Target_testNG" time="10.096" errors="0" timestamp="2022-11-02T20:20:21 EDT" skipped="0">
  <testcase classname="Assignment_10_30.Target_testNG" name="checkCategoriesButton" time="5.748"/>
  <system-out/>
  <testcase classname="Assignment_10_30.Target_testNG" name="launchingEbayHomePage" time="0.849"/>
  <system-out/>
  <testcase classname="Assignment_10_30.Target_testNG" name="checkDealsLink" time="1.050"/>
  <system-out/>
  <testcase classname="Assignment_10_30.Target_testNG" name="checkWhatsNewLink" time="1.305"/>
  <system-out/>
  <testcase classname="Assignment_10_30.Target_testNG" name="checkPickupAndDeliveryLink" time="1.144"/>
  <system-out/>
</testsuite> <!-- Assignment_10_30.Target_testNG -->
