<?xml version="1.0" encoding="UTF-8"?>
<!-- Generated by org.testng.reporters.JUnitReportReporter -->
<testsuite hostname="Hassan-Ka" failures="0" tests="5" name="Assignment_10_30.Ebay_tesNG" time="13.059" errors="0" timestamp="2022-11-02T10:07:35 EDT" skipped="0">
  <testcase classname="Assignment_10_30.Ebay_tesNG" name="checkMotorsLink" time="2.749"/>
  <system-out/>
  <testcase classname="Assignment_10_30.Ebay_tesNG" name="launchingEbayHomePage" time="0.874"/>
  <system-out/>
  <testcase classname="Assignment_10_30.Ebay_tesNG" name="checkSearchButton" time="2.899"/>
  <system-out/>
  <testcase classname="Assignment_10_30.Ebay_tesNG" name="checkElectronicsLink" time="3.136"/>
  <system-out/>
  <testcase classname="Assignment_10_30.Ebay_tesNG" name="checkCollectibleAndArtsLink" time="3.401"/>
  <system-out/>
</testsuite> <!-- Assignment_10_30.Ebay_tesNG -->
